[I 11:34:40.069 NotebookApp] [jupyter_nbextensions_configurator] enabled 0.6.1
[I 11:34:40.075 NotebookApp] notebooks 运行所在的本地路径: /Users/pfinal/python/python-note/code/Python-basics
[I 11:34:40.075 NotebookApp] Jupyter Notebook 6.5.4 is running at:
[I 11:34:40.075 NotebookApp] http://localhost:8888/?token=f3316d4023c61e00a108ee400282c709f112255e831bcd8f
[I 11:34:40.075 NotebookApp]  or http://127.0.0.1:8888/?token=f3316d4023c61e00a108ee400282c709f112255e831bcd8f
[I 11:34:40.075 NotebookApp] 使用 Control-C 停止此服务器并关闭所有内核（连续操作两次便可跳过确认界面）。
[C 11:34:40.080 NotebookApp] 
    
    To access the notebook, open this file in a browser:
        file:///Users/pfinal/Library/Jupyter/runtime/nbserver-22509-open.html
    Or copy and paste one of these URLs:
        http://localhost:8888/?token=f3316d4023c61e00a108ee400282c709f112255e831bcd8f
     or http://127.0.0.1:8888/?token=f3316d4023c61e00a108ee400282c709f112255e831bcd8f
[W 11:36:16.343 NotebookApp] Notebook python_base.ipynb is not trusted
[I 11:36:18.039 NotebookApp] Kernel started: 74b3eeff-5ac8-4dd2-b0b1-98c4c77543e1, name: python3
[I 11:38:17.985 NotebookApp] Saving file at /python_base.ipynb
[I 11:38:36.164 NotebookApp] Starting buffering for 74b3eeff-5ac8-4dd2-b0b1-98c4c77543e1:7bba4a336f8f4169b1afd1c5340e3d69
[I 11:40:03.758 NotebookApp] Creating new notebook in 
[I 11:40:04.989 NotebookApp] Kernel started: af3d08f8-1fad-42fa-b915-d3df5d123033, name: python3
[I 11:40:38.382 NotebookApp] Saving file at /python_base.ipynb
[I 11:41:25.699 NotebookApp] Saving file at /未命名.ipynb
//Users/pfinal/.pyenv/versions/3.9.16/envs/base3.9/lib/python3.9/site-packages/nbformat/__init__.py:129: MissingIDFieldWarning: Code cell is missing an id field, this will become a hard error in future nbformat versions. You may want to use `normalize()` on your notebooks before validations (available since nbformat 5.1.4). Previous versions of nbformat are fixing this issue transparently, and will stop doing so in the future.
  validate(nb)
//Users/pfinal/.pyenv/versions/3.9.16/envs/base3.9/lib/python3.9/site-packages/notebook/services/contents/manager.py:353: MissingIDFieldWarning: Code cell is missing an id field, this will become a hard error in future nbformat versions. You may want to use `normalize()` on your notebooks before validations (available since nbformat 5.1.4). Previous versions of nbformat are fixing this issue transparently, and will stop doing so in the future.
  validate_nb(model['content'])
[I 12:02:14.312 NotebookApp] Starting buffering for af3d08f8-1fad-42fa-b915-d3df5d123033:c8e4733f58444cdabbe3879b65ae5fd5
[I 12:02:14.317 NotebookApp] Starting buffering for 74b3eeff-5ac8-4dd2-b0b1-98c4c77543e1:38442b45ec1448b1ba415af742e42ef4
[I 12:02:15.802 NotebookApp] Restoring connection for af3d08f8-1fad-42fa-b915-d3df5d123033:c8e4733f58444cdabbe3879b65ae5fd5
[I 12:02:15.832 NotebookApp] Restoring connection for 74b3eeff-5ac8-4dd2-b0b1-98c4c77543e1:38442b45ec1448b1ba415af742e42ef4
[I 13:35:34.691 NotebookApp] Saving file at /未命名.ipynb
[I 13:37:34.684 NotebookApp] Saving file at /未命名.ipynb
[I 13:55:35.137 NotebookApp] Saving file at /未命名.ipynb
[I 13:55:58.723 NotebookApp] Starting buffering for 74b3eeff-5ac8-4dd2-b0b1-98c4c77543e1:38442b45ec1448b1ba415af742e42ef4
[I 13:55:58.726 NotebookApp] Starting buffering for af3d08f8-1fad-42fa-b915-d3df5d123033:c8e4733f58444cdabbe3879b65ae5fd5
[I 13:56:00.136 NotebookApp] Restoring connection for 74b3eeff-5ac8-4dd2-b0b1-98c4c77543e1:38442b45ec1448b1ba415af742e42ef4
[I 13:56:00.165 NotebookApp] Restoring connection for af3d08f8-1fad-42fa-b915-d3df5d123033:c8e4733f58444cdabbe3879b65ae5fd5
[C 14:50:45.495 NotebookApp] 接受信号 15, 正在停止
[I 14:50:45.513 NotebookApp] 关闭 2 内核
[I 14:50:45.524 NotebookApp] Kernel shutdown: 74b3eeff-5ac8-4dd2-b0b1-98c4c77543e1
[I 14:50:45.955 NotebookApp] Kernel shutdown: af3d08f8-1fad-42fa-b915-d3df5d123033
[I 14:50:46.582 NotebookApp] Shutting down 0 terminals

  _   _          _      _
 | | | |_ __  __| |__ _| |_ ___
 | |_| | '_ \/ _` / _` |  _/ -_)
  \___/| .__/\__,_\__,_|\__\___|
       |_|
                       
Read the migration plan to Notebook 7 to learn about the new features and the actions to take if you are using extensions.

https://jupyter-notebook.readthedocs.io/en/latest/migrate_to_notebook7.html

Please note that updating to Notebook 7 might break some of your extensions.

